<?xml version="1.0" encoding="UTF-8"?>
<!-- Generated by org.testng.reporters.JUnitXMLReporter -->
<testsuite hostname="vnikolic" ignored="2" name="Test" tests="3" failures="1" timestamp="23 Jan 2019 14:36:24 GMT" time="25.171" errors="0">
  <testcase name="tc_001" time="3.037" classname="testcases.TC_001"/>
  <testcase name="tc_001" time="3.835" classname="testcases.TC_002"/>
  <testcase name="tc_001" time="1.964" classname="testcases.TC_003">
    <failure type="java.lang.AssertionError" message="expected [true] but found [false]">
      <![CDATA[java.lang.AssertionError: expected [true] but found [false]
at testcases.TC_003.tc_001(TC_003.java:17)
... Removed 29 stack frames]]>
    </failure>
  </testcase> <!-- tc_001 -->
  <testcase name="@AfterSuite generateReport" time="0.0" classname="Base.Driver">
    <ignored/>
  </testcase> <!-- @AfterSuite generateReport -->
  <testcase name="@AfterSuite generateReport" time="0.0" classname="Base.Driver">
    <ignored/>
  </testcase> <!-- @AfterSuite generateReport -->
</testsuite> <!-- Test -->
